This is XeTeX, Version 3.141592653-2.6-0.999998 (TeX Live 2026) (preloaded format=xelatex)
entering extended mode
(./_combined_manuscript.tex
LaTeX2e <2025-11-01>
L3 programming layer <2026-01-19>
(/usr/local/texlive/2026/texmf-dist/tex/latex/base/article.cls
Document Class: article 2025/01/22 v1.4n Standard LaTeX document class
(/usr/local/texlive/2026/texmf-dist/tex/latex/base/size10.clo))
(/usr/local/texlive/2026/texmf-dist/tex/latex/xcolor/xcolor.sty
(/usr/local/texlive/2026/texmf-dist/tex/latex/graphics-cfg/color.cfg)
(/usr/local/texlive/2026/texmf-dist/tex/latex/graphics-def/xetex.def)
(/usr/local/texlive/2026/texmf-dist/tex/latex/graphics/mathcolor.ltx))
(/usr/local/texlive/2026/texmf-dist/tex/latex/amsmath/amsmath.sty
For additional information on amsmath, use the `?' option.
(/usr/local/texlive/2026/texmf-dist/tex/latex/amsmath/amstext.sty
(/usr/local/texlive/2026/texmf-dist/tex/latex/amsmath/amsgen.sty))
(/usr/local/texlive/2026/texmf-dist/tex/latex/amsmath/amsbsy.sty)
(/usr/local/texlive/2026/texmf-dist/tex/latex/amsmath/amsopn.sty))
(/usr/local/texlive/2026/texmf-dist/tex/latex/amsfonts/amssymb.sty
(/usr/local/texlive/2026/texmf-dist/tex/latex/amsfonts/amsfonts.sty))
(/usr/local/texlive/2026/texmf-dist/tex/generic/iftex/iftex.sty)
(/usr/local/texlive/2026/texmf-dist/tex/latex/unicode-math/unicode-math.sty
(/usr/local/texlive/2026/texmf-dist/tex/latex/l3kernel/expl3.sty
(/usr/local/texlive/2026/texmf-dist/tex/latex/l3backend/l3backend-xetex.def))
(/usr/local/texlive/2026/texmf-dist/tex/latex/unicode-math/unicode-math-xetex.s
ty (/usr/local/texlive/2026/texmf-dist/tex/latex/l3packages/xparse/xparse.sty)
(/usr/local/texlive/2026/texmf-dist/tex/latex/l3packages/l3keys2e/l3keys2e.sty)
 (/usr/local/texlive/2026/texmf-dist/tex/latex/fontspec/fontspec.sty
(/usr/local/texlive/2026/texmf-dist/tex/latex/fontspec/fontspec-xetex.sty
(/usr/local/texlive/2026/texmf-dist/tex/latex/base/fontenc.sty)
(/usr/local/texlive/2026/texmf-dist/tex/latex/fontspec/fontspec.cfg)))
(/usr/local/texlive/2026/texmf-dist/tex/latex/base/fix-cm.sty
(/usr/local/texlive/2026/texmf-dist/tex/latex/base/ts1enc.def))
(/usr/local/texlive/2026/texmf-dist/tex/latex/unicode-math/unicode-math-table.t
ex))) (/usr/local/texlive/2026/texmf-dist/tex/latex/upquote/upquote.sty
(/usr/local/texlive/2026/texmf-dist/tex/latex/base/textcomp.sty))
(/usr/local/texlive/2026/texmf-dist/tex/latex/microtype/microtype.sty
(/usr/local/texlive/2026/texmf-dist/tex/latex/graphics/keyval.sty)
(/usr/local/texlive/2026/texmf-dist/tex/latex/etoolbox/etoolbox.sty)
(/usr/local/texlive/2026/texmf-dist/tex/latex/microtype/microtype-xetex.def)
(/usr/local/texlive/2026/texmf-dist/tex/latex/microtype/microtype.cfg))
(/usr/local/texlive/2026/texmf-dist/tex/latex/parskip/parskip.sty
(/usr/local/texlive/2026/texmf-dist/tex/latex/kvoptions/kvoptions.sty
(/usr/local/texlive/2026/texmf-dist/tex/generic/ltxcmds/ltxcmds.sty)
(/usr/local/texlive/2026/texmf-dist/tex/latex/kvsetkeys/kvsetkeys.sty)))
(/usr/local/texlive/2026/texmf-dist/tex/latex/fancyvrb/fancyvrb.sty)
(/usr/local/texlive/2026/texmf-dist/tex/latex/tools/longtable.sty)
(/usr/local/texlive/2026/texmf-dist/tex/latex/booktabs/booktabs.sty)
(/usr/local/texlive/2026/texmf-dist/tex/latex/tools/array.sty)
(/usr/local/texlive/2026/texmf-dist/tex/latex/tools/calc.sty)
(/usr/local/texlive/2026/texmf-dist/tex/latex/footnotehyper/footnotehyper.sty)
(/usr/local/texlive/2026/texmf-dist/tex/latex/graphics/graphicx.sty
(/usr/local/texlive/2026/texmf-dist/tex/latex/graphics/graphics.sty
(/usr/local/texlive/2026/texmf-dist/tex/latex/graphics/trig.sty)
(/usr/local/texlive/2026/texmf-dist/tex/latex/graphics-cfg/graphics.cfg)))
(/usr/local/texlive/2026/texmf-dist/tex/generic/babel/babel.sty
(/usr/local/texlive/2026/texmf-dist/tex/generic/babel/xebabel.def)
(/usr/local/texlive/2026/texmf-dist/tex/generic/babel/locale/en/babel-english.t
ex) (/usr/local/texlive/2026/texmf-dist/tex/generic/babel-english/english.ldf))
 (/usr/local/texlive/2026/texmf-dist/tex/latex/natbib/natbib.sty)
(/usr/local/texlive/2026/texmf-dist/tex/latex/caption/subcaption.sty
(/usr/local/texlive/2026/texmf-dist/tex/latex/caption/caption.sty
(/usr/local/texlive/2026/texmf-dist/tex/latex/caption/caption3.sty)
(/usr/local/texlive/2026/texmf-dist/tex/latex/caption/ltcaption.sty)))
(/usr/local/texlive/2026/texmf-dist/tex/latex/float/float.sty)
(/usr/local/texlive/2026/texmf-dist/tex/latex/bookmark/bookmark.sty
(/usr/local/texlive/2026/texmf-dist/tex/latex/hyperref/hyperref.sty
(/usr/local/texlive/2026/texmf-dist/tex/generic/kvdefinekeys/kvdefinekeys.sty)
(/usr/local/texlive/2026/texmf-dist/tex/generic/pdfescape/pdfescape.sty
(/usr/local/texlive/2026/texmf-dist/tex/generic/pdftexcmds/pdftexcmds.sty
(/usr/local/texlive/2026/texmf-dist/tex/generic/infwarerr/infwarerr.sty)))
(/usr/local/texlive/2026/texmf-dist/tex/latex/hycolor/hycolor.sty)
(/usr/local/texlive/2026/texmf-dist/tex/latex/hyperref/nameref.sty
(/usr/local/texlive/2026/texmf-dist/tex/latex/refcount/refcount.sty)
(/usr/local/texlive/2026/texmf-dist/tex/generic/gettitlestring/gettitlestring.s
ty)) (/usr/local/texlive/2026/texmf-dist/tex/generic/stringenc/stringenc.sty)
(/usr/local/texlive/2026/texmf-dist/tex/latex/hyperref/pd1enc.def)
(/usr/local/texlive/2026/texmf-dist/tex/generic/intcalc/intcalc.sty)
(/usr/local/texlive/2026/texmf-dist/tex/latex/hyperref/puenc.def)
(/usr/local/texlive/2026/texmf-dist/tex/latex/url/url.sty)
(/usr/local/texlive/2026/texmf-dist/tex/generic/bitset/bitset.sty
(/usr/local/texlive/2026/texmf-dist/tex/generic/bigintcalc/bigintcalc.sty)))
(/usr/local/texlive/2026/texmf-dist/tex/latex/hyperref/hxetex.def
(/usr/local/texlive/2026/texmf-dist/tex/latex/rerunfilecheck/rerunfilecheck.sty

(/usr/local/texlive/2026/texmf-dist/tex/generic/uniquecounter/uniquecounter.sty
))) (/usr/local/texlive/2026/texmf-dist/tex/latex/bookmark/bkm-dvipdfm.def))
(/usr/local/texlive/2026/texmf-dist/tex/latex/xurl/xurl.sty)
(/usr/local/texlive/2026/texmf-dist/tex/latex/seqsplit/seqsplit.sty)
(/usr/local/texlive/2026/texmf-dist/tex/latex/amscls/amsthm.sty)
(/usr/local/texlive/2026/texmf-dist/tex/latex/geometry/geometry.sty
(/usr/local/texlive/2026/texmf-dist/tex/generic/iftex/ifvtex.sty))
(/usr/local/texlive/2026/texmf-dist/tex/latex/cleveref/cleveref.sty)
==> First Aid for cleveref.sty applied!
(/usr/local/texlive/2026/texmf-dist/tex/latex/listings/listings.sty
(/usr/local/texlive/2026/texmf-dist/tex/latex/listings/lstpatch.sty)
(/usr/local/texlive/2026/texmf-dist/tex/latex/listings/lstmisc.sty)
(/usr/local/texlive/2026/texmf-dist/tex/latex/listings/listings.cfg))
==> First Aid for listings.sty no longer applied!
    Expected:
        2024/09/23 1.10c (Carsten Heinz)
    but found:
        2025/11/14 1.11b (Carsten Heinz)
    so I'm assuming it got fixed.

! LaTeX Error: No counter 'theorem' defined.

See the LaTeX manual or LaTeX Companion for explanation.
Type  H <return>  for immediate help.
 ...                                              
                                                  
l.208 \newtheorem{remark}[theorem]{Remark}
                                          

! LaTeX Error: No counter 'theorem' defined.

See the LaTeX manual or LaTeX Companion for explanation.
Type  H <return>  for immediate help.
 ...                                              
                                                  
l.209 \newtheorem{example}[theorem]{Example}
                                            
(./_combined_manuscript.aux)
(/usr/local/texlive/2026/texmf-dist/tex/latex/microtype/mt-LatinModernRoman.cfg
)
*geometry* driver: auto-detecting
*geometry* detected driver: xetex
[1] (./_combined_manuscript.toc
(/usr/local/texlive/2026/texmf-dist/tex/latex/amsfonts/umsa.fd)
(/usr/local/texlive/2026/texmf-dist/tex/latex/microtype/mt-msa.cfg)
(/usr/local/texlive/2026/texmf-dist/tex/latex/amsfonts/umsb.fd)
(/usr/local/texlive/2026/texmf-dist/tex/latex/microtype/mt-msb.cfg) [1])
[2] [3] [4] [5] [6] [7] [8]
Overfull \hbox (20.66037pt too wide) in paragraph at lines 937--937
[]|\TU/lmr/m/n/10 manuscript/config.yaml|  

Overfull \hbox (4.56999pt too wide) in paragraph at lines 938--938
[]|\TU/lmr/m/n/10 GoldRefinementConfig|  

Overfull \hbox (16.34036pt too wide) in paragraph at lines 939--939
[]|\TU/lmr/m/n/10 GoldRefinementConfig|  

Overfull \hbox (16.34036pt too wide) in paragraph at lines 941--941
[]|\TU/lmr/m/n/10 GoldRefinementConfig|  

Overfull \hbox (15.76036pt too wide) in paragraph at lines 949--950
[]|\TU/lmr/m/n/10 tests/test_integrity.py|  

Overfull \hbox (56.34036pt too wide) in paragraph at lines 950--950
[]|\TU/lmr/m/n/10 gold_refinement.security_assay|  

Overfull \hbox (43.13037pt too wide) in paragraph at lines 952--953
[]|\TU/lmr/m/n/10 tests/test_security_assay.py|  

Overfull \hbox (16.34036pt too wide) in paragraph at lines 953--953
[]|\TU/lmr/m/n/10 GoldRefinementConfig 

Overfull \hbox (54.31999pt too wide) in paragraph at lines 955--956
[]|\TU/lmr/m/n/10 output/data/seed_sensitivity.json 

Overfull \hbox (48.94035pt too wide) in paragraph at lines 956--957
[]|\TU/lmr/m/n/10 tests/test_seed_sensitivity.py|  

Overfull \hbox (32.19037pt too wide) in paragraph at lines 957--958
\TU/lmr/m/n/10 manuscript_variables.json|  

Overfull \hbox (0.67036pt too wide) in paragraph at lines 960--960
[]|\TU/lmr/m/n/10 output/manuscript|  
 [9] [10]
Overfull \hbox (34.92613pt too wide) in paragraph at lines 1117--1118
[]|\TU/lmr/m/n/10 tests/test_manuscript_variables.py|  

Overfull \hbox (73.61613pt too wide) in paragraph at lines 1121--1122
[]|\TU/lmr/m/n/10 output/reports/claim_support_registry.json|  

Overfull \hbox (17.40613pt too wide) in paragraph at lines 1123--1124
[]|\TU/lmr/m/n/10 tests/test_registry_integrity.py|  

Overfull \hbox (15.92613pt too wide) in paragraph at lines 1125--1126
[]|\TU/lmr/m/n/10 infrastructure.reference.citation 

Overfull \hbox (3.73615pt too wide) in paragraph at lines 1129--1130
[]|\TU/lmr/m/n/10 tests/test_security_assay.py 
[11] [12] [13]
Overfull \hbox (59.84734pt too wide) in paragraph at lines 1396--1396
[]|\TU/lmr/m/n/10 AUTHORING_BOUNDARY_TERM_1|  

Overfull \hbox (206.94052pt too wide) in paragraph at lines 1398--1399
[]|\TU/lmr/m/n/10 manuscript/config.yaml#gold_refinement.lexicon.boundary_terms
[1]|  

Overfull \hbox (59.84734pt too wide) in paragraph at lines 1399--1399
[]|\TU/lmr/m/n/10 AUTHORING_BOUNDARY_TERM_2|  

Overfull \hbox (206.94052pt too wide) in paragraph at lines 1401--1402
[]|\TU/lmr/m/n/10 manuscript/config.yaml#gold_refinement.lexicon.boundary_terms
[4]|  

Overfull \hbox (57.84734pt too wide) in paragraph at lines 1402--1402
[]|\TU/lmr/m/n/10 DISCUSSION_BOUNDARY_TERM_1|  

Overfull \hbox (206.94052pt too wide) in paragraph at lines 1404--1405
[]|\TU/lmr/m/n/10 manuscript/config.yaml#gold_refinement.lexicon.boundary_terms
[2]|  

Overfull \hbox (57.84734pt too wide) in paragraph at lines 1405--1405
[]|\TU/lmr/m/n/10 DISCUSSION_BOUNDARY_TERM_2|  

Overfull \hbox (206.94052pt too wide) in paragraph at lines 1407--1408
[]|\TU/lmr/m/n/10 manuscript/config.yaml#gold_refinement.lexicon.boundary_terms
[3]|  

Overfull \hbox (54.10733pt too wide) in paragraph at lines 1408--1408
[]|\TU/lmr/m/n/10 DISCUSSION_REFINEMENT_VERB|  

Overfull \hbox (209.4205pt too wide) in paragraph at lines 1410--1411
[]|\TU/lmr/m/n/10 manuscript/config.yaml#gold_refinement.lexicon.refinement_ver
bs[3]|  

Overfull \hbox (33.33733pt too wide) in paragraph at lines 1411--1411
[]|\TU/lmr/m/n/10 EVALUATION_GATE_TERM_1|  

Overfull \hbox (183.5505pt too wide) in paragraph at lines 1412--1413
[]|\TU/lmr/m/n/10 manuscript/config.yaml#gold_refinement.lexicon.gate_terms[0]|
  

Overfull \hbox (33.33733pt too wide) in paragraph at lines 1413--1413
[]|\TU/lmr/m/n/10 EVALUATION_GATE_TERM_2|  

Overfull \hbox (183.5505pt too wide) in paragraph at lines 1415--1416
[]|\TU/lmr/m/n/10 manuscript/config.yaml#gold_refinement.lexicon.gate_terms[3]|
  

Overfull \hbox (29.42732pt too wide) in paragraph at lines 1416--1416
[]|\TU/lmr/m/n/10 INTRO_INTEGRITY_TERM_1|  

Overfull \hbox (202.2005pt too wide) in paragraph at lines 1418--1419
[]|\TU/lmr/m/n/10 manuscript/config.yaml#gold_refinement.lexicon.integrity_term
s[1]|  

Overfull \hbox (29.42732pt too wide) in paragraph at lines 1419--1419
[]|\TU/lmr/m/n/10 INTRO_INTEGRITY_TERM_2|  

Overfull \hbox (202.2005pt too wide) in paragraph at lines 1421--1422
[]|\TU/lmr/m/n/10 manuscript/config.yaml#gold_refinement.lexicon.integrity_term
s[0]|  

Overfull \hbox (12.22733pt too wide) in paragraph at lines 1422--1422
[]|\TU/lmr/m/n/10 METHOD_GATE_TERM_1|  

Overfull \hbox (183.5505pt too wide) in paragraph at lines 1423--1424
[]|\TU/lmr/m/n/10 manuscript/config.yaml#gold_refinement.lexicon.gate_terms[1]|
  

Overfull \hbox (12.22733pt too wide) in paragraph at lines 1424--1424
[]|\TU/lmr/m/n/10 METHOD_GATE_TERM_2|  

Overfull \hbox (183.5505pt too wide) in paragraph at lines 1426--1427
[]|\TU/lmr/m/n/10 manuscript/config.yaml#gold_refinement.lexicon.gate_terms[2]|
  

Overfull \hbox (12.22733pt too wide) in paragraph at lines 1427--1427
[]|\TU/lmr/m/n/10 METHOD_GATE_TERM_3|  

Overfull \hbox (183.5505pt too wide) in paragraph at lines 1428--1429
[]|\TU/lmr/m/n/10 manuscript/config.yaml#gold_refinement.lexicon.gate_terms[3]|
  

Overfull \hbox (53.12733pt too wide) in paragraph at lines 1429--1429
[]|\TU/lmr/m/n/10 METHOD_MANUSCRIPT_TERM_1|  

Overfull \hbox (213.9205pt too wide) in paragraph at lines 1431--1432
[]|\TU/lmr/m/n/10 manuscript/config.yaml#gold_refinement.lexicon.manuscript_ter
ms[4]|  

Overfull \hbox (53.12733pt too wide) in paragraph at lines 1432--1432
[]|\TU/lmr/m/n/10 METHOD_MANUSCRIPT_TERM_2|  

Overfull \hbox (213.9205pt too wide) in paragraph at lines 1434--1435
[]|\TU/lmr/m/n/10 manuscript/config.yaml#gold_refinement.lexicon.manuscript_ter
ms[4]|  

Overfull \hbox (19.79733pt too wide) in paragraph at lines 1435--1435
[]|\TU/lmr/m/n/10 METHOD_METAL_TERM_1|  

Overfull \hbox (221.9205pt too wide) in paragraph at lines 1436--1437
[]|\TU/lmr/m/n/10 manuscript/config.yaml#gold_refinement.lexicon.metallurgical_
terms[1]|  

Overfull \hbox (19.79733pt too wide) in paragraph at lines 1437--1437
[]|\TU/lmr/m/n/10 METHOD_METAL_TERM_2|  

Overfull \hbox (221.9205pt too wide) in paragraph at lines 1438--1439
[]|\TU/lmr/m/n/10 manuscript/config.yaml#gold_refinement.lexicon.metallurgical_
terms[3]|  

Overfull \hbox (19.79733pt too wide) in paragraph at lines 1439--1439
[]|\TU/lmr/m/n/10 METHOD_METAL_TERM_3|  

Overfull \hbox (221.9205pt too wide) in paragraph at lines 1440--1441
[]|\TU/lmr/m/n/10 manuscript/config.yaml#gold_refinement.lexicon.metallurgical_
terms[2]|  

Overfull \hbox (27.29733pt too wide) in paragraph at lines 1441--1441
[]|\TU/lmr/m/n/10 REPRO_EVIDENCE_TERM_1|  

Overfull \hbox (202.16052pt too wide) in paragraph at lines 1443--1444
[]|\TU/lmr/m/n/10 manuscript/config.yaml#gold_refinement.lexicon.evidence_terms
[0]|  

Overfull \hbox (27.29733pt too wide) in paragraph at lines 1444--1444
[]|\TU/lmr/m/n/10 REPRO_EVIDENCE_TERM_2|  

Overfull \hbox (202.16052pt too wide) in paragraph at lines 1446--1447
[]|\TU/lmr/m/n/10 manuscript/config.yaml#gold_refinement.lexicon.evidence_terms
[3]|  

Overfull \hbox (36.88733pt too wide) in paragraph at lines 1447--1447
[]|\TU/lmr/m/n/10 RESULTS_EVIDENCE_TERM_1|  

Overfull \hbox (202.16052pt too wide) in paragraph at lines 1449--1450
[]|\TU/lmr/m/n/10 manuscript/config.yaml#gold_refinement.lexicon.evidence_terms
[1]|  

Overfull \hbox (36.88733pt too wide) in paragraph at lines 1450--1450
[]|\TU/lmr/m/n/10 RESULTS_EVIDENCE_TERM_2|  

Overfull \hbox (202.16052pt too wide) in paragraph at lines 1452--1453
[]|\TU/lmr/m/n/10 manuscript/config.yaml#gold_refinement.lexicon.evidence_terms
[3]|  

Overfull \hbox (36.88733pt too wide) in paragraph at lines 1453--1453
[]|\TU/lmr/m/n/10 RESULTS_EVIDENCE_TERM_3|  

Overfull \hbox (202.16052pt too wide) in paragraph at lines 1455--1456
[]|\TU/lmr/m/n/10 manuscript/config.yaml#gold_refinement.lexicon.evidence_terms
[4]|  

Overfull \hbox (12.70734pt too wide) in paragraph at lines 1456--1456
[]|\TU/lmr/m/n/10 RESULTS_PURITY_ADJ_1|  

Overfull \hbox (209.96051pt too wide) in paragraph at lines 1457--1458
[]|\TU/lmr/m/n/10 manuscript/config.yaml#gold_refinement.lexicon.purity_adjecti
ves[0]|  

Overfull \hbox (12.70734pt too wide) in paragraph at lines 1458--1458
[]|\TU/lmr/m/n/10 RESULTS_PURITY_ADJ_2|  

Overfull \hbox (209.96051pt too wide) in paragraph at lines 1459--1460
[]|\TU/lmr/m/n/10 manuscript/config.yaml#gold_refinement.lexicon.purity_adjecti
ves[1]|  
[14] [15] [16] [17] [18] [19] [20] [21] [22] [23] [24]
Overfull \hbox (60.32585pt too wide) in paragraph at lines 1841--1841
[]|\TU/lmr/m/n/10 output/reports/evidence_registry.json 

Overfull \hbox (5.34436pt too wide) in paragraph at lines 1842--1842
[]|\TU/lmr/m/n/10 infrastructure.validation.cli 

Overfull \hbox (6.78175pt too wide) in paragraph at lines 1844--1844
\TU/lmr/m/n/10 development 

Overfull \hbox (2.90176pt too wide) in paragraph at lines 1853--1853
[]|\TU/lmr/m/n/10 unvalidated 

Overfull \hbox (34.76411pt too wide) in paragraph at lines 1887--1887
[]|\TU/lmr/m/n/10 src/refinery.py::CANONICAL_STAGES|  

Overfull \hbox (36.8141pt too wide) in paragraph at lines 1889--1889
[]|\TU/lmr/m/n/10 src/purity.py::assert_monotone_increase|  

Overfull \hbox (30.7841pt too wide) in paragraph at lines 1891--1891
[]|\TU/lmr/m/n/10 src/purity.py::NINE_NINES_PURITY|  

Overfull \hbox (11.9441pt too wide) in paragraph at lines 1893--1893
[]|\TU/lmr/m/n/10 src/composition.py::_choose_value|  

Overfull \hbox (8.79411pt too wide) in paragraph at lines 1895--1895
[]|\TU/lmr/m/n/10 src/formalisms.py::FORMALISMS|  

Overfull \hbox (185.19412pt too wide) in paragraph at lines 1898--1898
[]|\TU/lmr/m/n/10 scripts/refinement_analysis.py::CLAIM_SUPPORT_REGISTRY_NAME| 
 

Overfull \hbox (114.0141pt too wide) in paragraph at lines 1903--1903
[]|\TU/lmr/m/n/10 src/figures/diagrams.py::generate_implementation_circuit|  

Overfull \hbox (51.76411pt too wide) in paragraph at lines 1907--1907
[]|\TU/lmr/m/n/10 src/integrity.py::build_integrity_dimensions|  

Overfull \hbox (51.1141pt too wide) in paragraph at lines 1911--1911
[]|\TU/lmr/m/n/10 src/security_assay.py::build_security_assay|  

Overfull \hbox (55.5341pt too wide) in paragraph at lines 1914--1914
[]|\TU/lmr/m/n/10 src/seed_sensitivity.py::run_seed_sensitivity|  
 [25]
Overfull \hbox (28.35374pt too wide) in paragraph at lines 2014--2014
[]|\TU/lmr/m/n/10 claim_evidence_assay|  

Overfull \hbox (24.43375pt too wide) in paragraph at lines 2016--2016
[]|\TU/lmr/m/n/10 evidence_tier_ladder|  

Overfull \hbox (30.32375pt too wide) in paragraph at lines 2018--2018
[]|\TU/lmr/m/n/10 formalism_traceability|  

Overfull \hbox (33.57375pt too wide) in paragraph at lines 2020--2020
[]|\TU/lmr/m/n/10 implementation_circuit|  

Overfull \hbox (29.71375pt too wide) in paragraph at lines 2022--2022
[]|\TU/lmr/m/n/10 integrity_gate_matrix|  

Overfull \hbox (27.30374pt too wide) in paragraph at lines 2024--2024
[]|\TU/lmr/m/n/10 integrity_risk_matrix|  

Overfull \hbox (15.56374pt too wide) in paragraph at lines 2027--2027
[]|\TU/lmr/m/n/10 provenance_sankey|  

Overfull \hbox (24.76373pt too wide) in paragraph at lines 2029--2029
[]|\TU/lmr/m/n/10 purity_claim_scatter|  

Overfull \hbox (13.47374pt too wide) in paragraph at lines 2031--2031
[]|\TU/lmr/m/n/10 purity_progression|  
 [26] [27] [28]
Overfull \hbox (25.95882pt too wide) in paragraph at lines 2151--2151
[]|\TU/lmr/m/n/10 test_all_manuscript_tokens_are_generated 
 [29] [30] [31]
Overfull \hbox (5.31102pt too wide) in paragraph at lines 2329--2334
[]\TU/lmr/m/n/10 7 source-owned formalisms with equation labels: eq:purity_func
tional, eq:monotone_refinery, eq:token_digest, eq:claim_support,
[32] [33] [34] [35] [36]
Overfull \hbox (4.80272pt too wide) in paragraph at lines 2770--2771
\TU/lmr/m/n/10 put/data/refinery_results.json|  

Overfull \hbox (11.95271pt too wide) in paragraph at lines 2773--2774
[]|\TU/lmr/m/n/10 output/reports/token_plan.json|  

Overfull \hbox (9.77272pt too wide) in paragraph at lines 2780--2782
\TU/lmr/m/n/10 ures/integrity_risk_matrix.png|  

Overfull \hbox (15.46272pt too wide) in paragraph at lines 2792--2795
[]|\TU/lmr/m/n/10 manuscript/02_methodology.md, 

Overfull \hbox (3.67271pt too wide) in paragraph at lines 2792--2795
\TU/lmr/m/n/10 manuscript/04_discussion.md, 

Overfull \hbox (3.51273pt too wide) in paragraph at lines 2792--2795
\TU/lmr/m/n/10 manuscript/08_evaluation.md|  

Overfull \hbox (23.59273pt too wide) in paragraph at lines 2800--2805
[]|\TU/lmr/m/n/10 manuscript/06_reproducibility.md, 

Overfull \hbox (4.90273pt too wide) in paragraph at lines 2800--2805
\TU/lmr/m/n/10 manuscript/08_evaluation.md, 

Overfull \hbox (45.80272pt too wide) in paragraph at lines 2800--2805
\TU/lmr/m/n/10 manuscript/09_authoring_contract.md, 

Overfull \hbox (25.38272pt too wide) in paragraph at lines 2800--2805
\TU/lmr/m/n/10 put/reports/evidence_registry.json, 

Overfull \hbox (22.66272pt too wide) in paragraph at lines 2800--2805
\TU/lmr/m/n/10 put/reports/output_statistics.json|  

Overfull \hbox (6.43272pt too wide) in paragraph at lines 2816--2818
\TU/lmr/m/n/10 put/data/seed_sensitivity.json, 

Overfull \hbox (83.75856pt too wide) in paragraph at lines 2890--2892
[]|\TU/lmr/m/n/10 src/seed_sensitivity.py::validate_seed_sensitivity_payload 
 [37] [38] [39] [40] [41] (./_combined_manuscript.bbl [42] [43]) [44]
(./_combined_manuscript.aux) )
(see the transcript file for additional information)
Output written on _combined_manuscript.pdf (45 pages).
Transcript written on _combined_manuscript.log.
