This is XeTeX, Version 3.141592653-2.6-0.999998 (TeX Live 2026) (preloaded format=xelatex)
 \write18 enabled.
entering extended mode
(./_combined_manuscript.tex
LaTeX2e <2025-11-01>
L3 programming layer <2026-01-19>
(/usr/local/texlive/2026/texmf-dist/tex/latex/base/article.cls
Document Class: article 2025/01/22 v1.4n Standard LaTeX document class
(/usr/local/texlive/2026/texmf-dist/tex/latex/base/size10.clo))
(/usr/local/texlive/2026/texmf-dist/tex/latex/xcolor/xcolor.sty
(/usr/local/texlive/2026/texmf-dist/tex/latex/graphics-cfg/color.cfg)
(/usr/local/texlive/2026/texmf-dist/tex/latex/graphics-def/xetex.def)
(/usr/local/texlive/2026/texmf-dist/tex/latex/graphics/mathcolor.ltx))
(/usr/local/texlive/2026/texmf-dist/tex/latex/amsmath/amsmath.sty
For additional information on amsmath, use the `?' option.
(/usr/local/texlive/2026/texmf-dist/tex/latex/amsmath/amstext.sty
(/usr/local/texlive/2026/texmf-dist/tex/latex/amsmath/amsgen.sty))
(/usr/local/texlive/2026/texmf-dist/tex/latex/amsmath/amsbsy.sty)
(/usr/local/texlive/2026/texmf-dist/tex/latex/amsmath/amsopn.sty))
(/usr/local/texlive/2026/texmf-dist/tex/latex/amsfonts/amssymb.sty
(/usr/local/texlive/2026/texmf-dist/tex/latex/amsfonts/amsfonts.sty))
(/usr/local/texlive/2026/texmf-dist/tex/generic/iftex/iftex.sty)
(/usr/local/texlive/2026/texmf-dist/tex/latex/unicode-math/unicode-math.sty
(/usr/local/texlive/2026/texmf-dist/tex/latex/l3kernel/expl3.sty
(/usr/local/texlive/2026/texmf-dist/tex/latex/l3backend/l3backend-xetex.def))
(/usr/local/texlive/2026/texmf-dist/tex/latex/unicode-math/unicode-math-xetex.s
ty (/usr/local/texlive/2026/texmf-dist/tex/latex/l3packages/xparse/xparse.sty)
(/usr/local/texlive/2026/texmf-dist/tex/latex/l3packages/l3keys2e/l3keys2e.sty)
 (/usr/local/texlive/2026/texmf-dist/tex/latex/fontspec/fontspec.sty
(/usr/local/texlive/2026/texmf-dist/tex/latex/fontspec/fontspec-xetex.sty
(/usr/local/texlive/2026/texmf-dist/tex/latex/base/fontenc.sty)
(/usr/local/texlive/2026/texmf-dist/tex/latex/fontspec/fontspec.cfg)))
(/usr/local/texlive/2026/texmf-dist/tex/latex/base/fix-cm.sty
(/usr/local/texlive/2026/texmf-dist/tex/latex/base/ts1enc.def))
(/usr/local/texlive/2026/texmf-dist/tex/latex/unicode-math/unicode-math-table.t
ex))) (/usr/local/texlive/2026/texmf-dist/tex/latex/upquote/upquote.sty
(/usr/local/texlive/2026/texmf-dist/tex/latex/base/textcomp.sty))
(/usr/local/texlive/2026/texmf-dist/tex/latex/microtype/microtype.sty
(/usr/local/texlive/2026/texmf-dist/tex/latex/graphics/keyval.sty)
(/usr/local/texlive/2026/texmf-dist/tex/latex/etoolbox/etoolbox.sty)
(/usr/local/texlive/2026/texmf-dist/tex/latex/microtype/microtype-xetex.def)
(/usr/local/texlive/2026/texmf-dist/tex/latex/microtype/microtype.cfg))
(/usr/local/texlive/2026/texmf-dist/tex/latex/parskip/parskip.sty
(/usr/local/texlive/2026/texmf-dist/tex/latex/kvoptions/kvoptions.sty
(/usr/local/texlive/2026/texmf-dist/tex/generic/ltxcmds/ltxcmds.sty)
(/usr/local/texlive/2026/texmf-dist/tex/latex/kvsetkeys/kvsetkeys.sty)))
(/usr/local/texlive/2026/texmf-dist/tex/latex/fancyvrb/fancyvrb.sty)
(/usr/local/texlive/2026/texmf-dist/tex/latex/tools/longtable.sty)
(/usr/local/texlive/2026/texmf-dist/tex/latex/booktabs/booktabs.sty)
(/usr/local/texlive/2026/texmf-dist/tex/latex/tools/array.sty)
(/usr/local/texlive/2026/texmf-dist/tex/latex/tools/calc.sty)
(/usr/local/texlive/2026/texmf-dist/tex/latex/footnotehyper/footnotehyper.sty)
(/usr/local/texlive/2026/texmf-dist/tex/latex/graphics/graphicx.sty
(/usr/local/texlive/2026/texmf-dist/tex/latex/graphics/graphics.sty
(/usr/local/texlive/2026/texmf-dist/tex/latex/graphics/trig.sty)
(/usr/local/texlive/2026/texmf-dist/tex/latex/graphics-cfg/graphics.cfg)))
(/usr/local/texlive/2026/texmf-dist/tex/latex/natbib/natbib.sty)
(/usr/local/texlive/2026/texmf-dist/tex/latex/caption/subcaption.sty
(/usr/local/texlive/2026/texmf-dist/tex/latex/caption/caption.sty
(/usr/local/texlive/2026/texmf-dist/tex/latex/caption/caption3.sty)
(/usr/local/texlive/2026/texmf-dist/tex/latex/caption/ltcaption.sty)))
(/usr/local/texlive/2026/texmf-dist/tex/latex/float/float.sty)
(/usr/local/texlive/2026/texmf-dist/tex/latex/bookmark/bookmark.sty
(/usr/local/texlive/2026/texmf-dist/tex/latex/hyperref/hyperref.sty
(/usr/local/texlive/2026/texmf-dist/tex/generic/kvdefinekeys/kvdefinekeys.sty)
(/usr/local/texlive/2026/texmf-dist/tex/generic/pdfescape/pdfescape.sty
(/usr/local/texlive/2026/texmf-dist/tex/generic/pdftexcmds/pdftexcmds.sty
(/usr/local/texlive/2026/texmf-dist/tex/generic/infwarerr/infwarerr.sty)))
(/usr/local/texlive/2026/texmf-dist/tex/latex/hycolor/hycolor.sty)
(/usr/local/texlive/2026/texmf-dist/tex/latex/hyperref/nameref.sty
(/usr/local/texlive/2026/texmf-dist/tex/latex/refcount/refcount.sty)
(/usr/local/texlive/2026/texmf-dist/tex/generic/gettitlestring/gettitlestring.s
ty)) (/usr/local/texlive/2026/texmf-dist/tex/generic/stringenc/stringenc.sty)
(/usr/local/texlive/2026/texmf-dist/tex/latex/hyperref/pd1enc.def)
(/usr/local/texlive/2026/texmf-dist/tex/generic/intcalc/intcalc.sty)
(/usr/local/texlive/2026/texmf-dist/tex/latex/hyperref/puenc.def)
(/usr/local/texlive/2026/texmf-dist/tex/latex/url/url.sty)
(/usr/local/texlive/2026/texmf-dist/tex/generic/bitset/bitset.sty
(/usr/local/texlive/2026/texmf-dist/tex/generic/bigintcalc/bigintcalc.sty)))
(/usr/local/texlive/2026/texmf-dist/tex/latex/hyperref/hxetex.def
(/usr/local/texlive/2026/texmf-dist/tex/latex/rerunfilecheck/rerunfilecheck.sty

(/usr/local/texlive/2026/texmf-dist/tex/generic/uniquecounter/uniquecounter.sty
))) (/usr/local/texlive/2026/texmf-dist/tex/latex/bookmark/bkm-dvipdfm.def))
(/usr/local/texlive/2026/texmf-dist/tex/latex/xurl/xurl.sty)
(/usr/local/texlive/2026/texmf-dist/tex/latex/seqsplit/seqsplit.sty)
(/usr/local/texlive/2026/texmf-dist/tex/latex/amscls/amsthm.sty)
(/usr/local/texlive/2026/texmf-dist/tex/latex/geometry/geometry.sty
(/usr/local/texlive/2026/texmf-dist/tex/generic/iftex/ifvtex.sty))
(/usr/local/texlive/2026/texmf-dist/tex/latex/cleveref/cleveref.sty)
==> First Aid for cleveref.sty applied!
(./_combined_manuscript.aux)
(/usr/local/texlive/2026/texmf-dist/tex/latex/microtype/mt-LatinModernRoman.cfg
)
*geometry* driver: auto-detecting
*geometry* detected driver: xetex
[1] (./_combined_manuscript.toc
(/usr/local/texlive/2026/texmf-dist/tex/latex/amsfonts/umsa.fd)
(/usr/local/texlive/2026/texmf-dist/tex/latex/microtype/mt-msa.cfg)
(/usr/local/texlive/2026/texmf-dist/tex/latex/amsfonts/umsb.fd)
(/usr/local/texlive/2026/texmf-dist/tex/latex/microtype/mt-msb.cfg)) [1]
[2] [3]
Overfull \hbox (20.66037pt too wide) in paragraph at lines 475--475
[]|\TU/lmr/m/n/10 manuscript/config.yaml|  

Overfull \hbox (4.56999pt too wide) in paragraph at lines 476--476
[]|\TU/lmr/m/n/10 GoldRefinementConfig|  

Overfull \hbox (16.34036pt too wide) in paragraph at lines 477--477
[]|\TU/lmr/m/n/10 GoldRefinementConfig|  

Overfull \hbox (16.34036pt too wide) in paragraph at lines 479--479
[]|\TU/lmr/m/n/10 GoldRefinementConfig|  

Overfull \hbox (32.19037pt too wide) in paragraph at lines 484--485
\TU/lmr/m/n/10 manuscript_variables.json|  

Overfull \hbox (0.67036pt too wide) in paragraph at lines 487--487
[]|\TU/lmr/m/n/10 output/manuscript|  
[4] [5] [6]
Overfull \hbox (54.10733pt too wide) in paragraph at lines 639--639
[]|\TU/lmr/m/n/10 DISCUSSION_REFINEMENT_VERB|  

Overfull \hbox (209.4205pt too wide) in paragraph at lines 641--642
[]|\TU/lmr/m/n/10 manuscript/config.yaml#gold_refinement.lexicon.refinement_ver
bs[3]|  

Overfull \hbox (53.12733pt too wide) in paragraph at lines 642--642
[]|\TU/lmr/m/n/10 METHOD_MANUSCRIPT_TERM_1|  

Overfull \hbox (213.9205pt too wide) in paragraph at lines 644--645
[]|\TU/lmr/m/n/10 manuscript/config.yaml#gold_refinement.lexicon.manuscript_ter
ms[4]|  

Overfull \hbox (53.12733pt too wide) in paragraph at lines 645--645
[]|\TU/lmr/m/n/10 METHOD_MANUSCRIPT_TERM_2|  

Overfull \hbox (213.9205pt too wide) in paragraph at lines 647--648
[]|\TU/lmr/m/n/10 manuscript/config.yaml#gold_refinement.lexicon.manuscript_ter
ms[4]|  

Overfull \hbox (19.79733pt too wide) in paragraph at lines 648--648
[]|\TU/lmr/m/n/10 METHOD_METAL_TERM_1|  

Overfull \hbox (221.9205pt too wide) in paragraph at lines 649--650
[]|\TU/lmr/m/n/10 manuscript/config.yaml#gold_refinement.lexicon.metallurgical_
terms[4]|  

Overfull \hbox (19.79733pt too wide) in paragraph at lines 650--650
[]|\TU/lmr/m/n/10 METHOD_METAL_TERM_2|  

Overfull \hbox (221.9205pt too wide) in paragraph at lines 652--653
[]|\TU/lmr/m/n/10 manuscript/config.yaml#gold_refinement.lexicon.metallurgical_
terms[0]|  

Overfull \hbox (19.79733pt too wide) in paragraph at lines 653--653
[]|\TU/lmr/m/n/10 METHOD_METAL_TERM_3|  

Overfull \hbox (221.9205pt too wide) in paragraph at lines 654--655
[]|\TU/lmr/m/n/10 manuscript/config.yaml#gold_refinement.lexicon.metallurgical_
terms[1]|  

Overfull \hbox (12.70734pt too wide) in paragraph at lines 655--655
[]|\TU/lmr/m/n/10 RESULTS_PURITY_ADJ_1|  

Overfull \hbox (209.96051pt too wide) in paragraph at lines 656--657
[]|\TU/lmr/m/n/10 manuscript/config.yaml#gold_refinement.lexicon.purity_adjecti
ves[0]|  

Overfull \hbox (12.70734pt too wide) in paragraph at lines 657--657
[]|\TU/lmr/m/n/10 RESULTS_PURITY_ADJ_2|  

Overfull \hbox (209.96051pt too wide) in paragraph at lines 658--659
[]|\TU/lmr/m/n/10 manuscript/config.yaml#gold_refinement.lexicon.purity_adjecti
ves[1]|  
[7]
Overfull \hbox (34.76411pt too wide) in paragraph at lines 712--712
[]|\TU/lmr/m/n/10 src/refinery.py::CANONICAL_STAGES|  

Overfull \hbox (43.2241pt too wide) in paragraph at lines 714--714
[]|\TU/lmr/m/n/10 src/refinery.py::assert_monotone_increase|  

Overfull \hbox (30.7841pt too wide) in paragraph at lines 716--716
[]|\TU/lmr/m/n/10 src/purity.py::NINE_NINES_PURITY|  

Overfull \hbox (11.9441pt too wide) in paragraph at lines 718--718
[]|\TU/lmr/m/n/10 src/composition.py::_choose_value|  
 [8] [9] [10] [11]
Overfull \hbox (25.95882pt too wide) in paragraph at lines 786--786
[]|\TU/lmr/m/n/10 test_all_manuscript_tokens_are_generated 
[12] [13] [14] [15]
Overfull \hbox (4.80272pt too wide) in paragraph at lines 1003--1004
\TU/lmr/m/n/10 put/data/refinery_results.json|  

Overfull \hbox (11.95271pt too wide) in paragraph at lines 1006--1007
[]|\TU/lmr/m/n/10 output/reports/token_plan.json|  
[16] [17] (./_combined_manuscript.bbl

Package natbib Warning: Empty `thebibliography' environment on input line 8.

) [18] (./_combined_manuscript.aux) )
(see the transcript file for additional information)
Output written on _combined_manuscript.pdf (19 pages).
Transcript written on _combined_manuscript.log.
